<?xml version="1.0" encoding="UTF-8"?>
<testsuite xmlns:xsi="http://www.w3.org/2001/XMLSchema-instance" xsi:noNamespaceSchemaLocation="https://maven.apache.org/surefire/maven-surefire-plugin/xsd/surefire-test-report.xsd" version="3.0.2" name="com.dxlab.gamepromotionweb.BCryptTest" time="0.333" tests="1" errors="0" skipped="0" failures="0">
  <properties>
[...]
</properties>
  <testcase name="testBCrypt" classname="com.dxlab.gamepromotionweb.BCryptTest" time="0.314">
    <system-out><![CDATA[Hashed password: $2a$10$Uemie9Y7B7ou75mnuRZsiOrOwUf.KNIE7L3fqgHzx9Wbp26VQ1Kx2
Password matches? true
]]></system-out>
  </testcase>
</testsuite>